<?xml version="1.0" encoding="UTF-8"?>
<!-- Generated by org.testng.reporters.JUnitXMLReporter -->
<testsuite hostname="DESKTOP-CRHCDT9" ignored="0" name="Test" tests="3" failures="1" timestamp="23 Mar 2019 06:29:17 GMT" time="25.683" errors="0">
  <testcase name="verify_Page_url" time="0.02" classname="com.Demo.JenkinsJob"/>
  <testcase name="verify_Search_functionality" time="0.002" classname="com.Demo.JenkinsJob">
    <failure type="java.lang.AssertionError" message="Test FAIL expected [true] but found [false]">
      <![CDATA[java.lang.AssertionError: Test FAIL expected [true] but found [false]
	at com.Demo.JenkinsJob.verify_Search_functionality(JenkinsJob.java:38)
... Removed 28 stack frames]]>
    </failure>
  </testcase> <!-- verify_Search_functionality -->
  <testcase name="verify_page_title" time="0.009" classname="com.Demo.JenkinsJob"/>
</testsuite> <!-- Test -->
