<?xml version="1.0" encoding="UTF-8"?>
<testng-results skipped="0" failed="1" ignored="0" total="3" passed="2">
  <reporter-output>
    <line>
      <![CDATA[Test PASS]]>
    </line>
    <line>
      <![CDATA[Test PASS]]>
    </line>
  </reporter-output>
  <suite name="Suite" duration-ms="25683" started-at="2019-03-23T06:28:51Z" finished-at="2019-03-23T06:29:17Z">
    <groups>
    </groups>
    <test name="Test" duration-ms="25683" started-at="2019-03-23T06:28:51Z" finished-at="2019-03-23T06:29:17Z">
      <class name="com.Demo.JenkinsJob">
        <test-method status="PASS" signature="onStart()[pri:0, instance:com.Demo.JenkinsJob@14bf9759]" name="onStart" is-config="true" duration-ms="8250" started-at="2019-03-23T11:58:51Z" finished-at="2019-03-23T11:58:59Z">
          <reporter-output>
          </reporter-output>
        </test-method> <!-- onStart -->
        <test-method status="PASS" signature="verify_Page_url()[pri:0, instance:com.Demo.JenkinsJob@14bf9759]" name="verify_Page_url" duration-ms="20" started-at="2019-03-23T11:58:59Z" finished-at="2019-03-23T11:58:59Z">
          <reporter-output>
            <line>
              <![CDATA[Test PASS]]>
            </line>
          </reporter-output>
        </test-method> <!-- verify_Page_url -->
        <test-method status="PASS" signature="tearDown()[pri:0, instance:com.Demo.JenkinsJob@14bf9759]" name="tearDown" is-config="true" duration-ms="729" started-at="2019-03-23T11:58:59Z" finished-at="2019-03-23T11:59:00Z">
          <reporter-output>
          </reporter-output>
        </test-method> <!-- tearDown -->
        <test-method status="PASS" signature="onStart()[pri:0, instance:com.Demo.JenkinsJob@14bf9759]" name="onStart" is-config="true" duration-ms="7581" started-at="2019-03-23T11:59:00Z" finished-at="2019-03-23T11:59:08Z">
          <reporter-output>
          </reporter-output>
        </test-method> <!-- onStart -->
        <test-method status="FAIL" signature="verify_Search_functionality()[pri:0, instance:com.Demo.JenkinsJob@14bf9759]" name="verify_Search_functionality" duration-ms="2" started-at="2019-03-23T11:59:08Z" finished-at="2019-03-23T11:59:08Z">
          <exception class="java.lang.AssertionError">
            <message>
              <![CDATA[Test FAIL expected [true] but found [false]]]>
            </message>
            <full-stacktrace>
              <![CDATA[java.lang.AssertionError: Test FAIL expected [true] but found [false]
	at org.testng.Assert.fail(Assert.java:93)
	at org.testng.Assert.failNotEquals(Assert.java:512)
	at org.testng.Assert.assertTrue(Assert.java:41)
	at com.Demo.JenkinsJob.verify_Search_functionality(JenkinsJob.java:38)
	at sun.reflect.NativeMethodAccessorImpl.invoke0(Native Method)
	at sun.reflect.NativeMethodAccessorImpl.invoke(NativeMethodAccessorImpl.java:62)
	at sun.reflect.DelegatingMethodAccessorImpl.invoke(DelegatingMethodAccessorImpl.java:43)
	at java.lang.reflect.Method.invoke(Method.java:498)
	at org.testng.internal.MethodInvocationHelper.invokeMethod(MethodInvocationHelper.java:108)
	at org.testng.internal.Invoker.invokeMethod(Invoker.java:661)
	at org.testng.internal.Invoker.invokeTestMethod(Invoker.java:869)
	at org.testng.internal.Invoker.invokeTestMethods(Invoker.java:1193)
	at org.testng.internal.TestMethodWorker.invokeTestMethods(TestMethodWorker.java:126)
	at org.testng.internal.TestMethodWorker.run(TestMethodWorker.java:109)
	at org.testng.TestRunner.privateRun(TestRunner.java:744)
	at org.testng.TestRunner.run(TestRunner.java:602)
	at org.testng.SuiteRunner.runTest(SuiteRunner.java:380)
	at org.testng.SuiteRunner.runSequentially(SuiteRunner.java:375)
	at org.testng.SuiteRunner.privateRun(SuiteRunner.java:340)
	at org.testng.SuiteRunner.run(SuiteRunner.java:289)
	at org.testng.SuiteRunnerWorker.runSuite(SuiteRunnerWorker.java:52)
	at org.testng.SuiteRunnerWorker.run(SuiteRunnerWorker.java:86)
	at org.testng.TestNG.runSuitesSequentially(TestNG.java:1301)
	at org.testng.TestNG.runSuitesLocally(TestNG.java:1226)
	at org.testng.TestNG.runSuites(TestNG.java:1144)
	at org.testng.TestNG.run(TestNG.java:1115)
	at org.testng.remote.AbstractRemoteTestNG.run(AbstractRemoteTestNG.java:115)
	at org.testng.remote.RemoteTestNG.initAndRun(RemoteTestNG.java:251)
	at org.testng.remote.RemoteTestNG.main(RemoteTestNG.java:77)
]]>
            </full-stacktrace>
          </exception> <!-- java.lang.AssertionError -->
          <reporter-output>
          </reporter-output>
        </test-method> <!-- verify_Search_functionality -->
        <test-method status="PASS" signature="tearDown()[pri:0, instance:com.Demo.JenkinsJob@14bf9759]" name="tearDown" is-config="true" duration-ms="723" started-at="2019-03-23T11:59:08Z" finished-at="2019-03-23T11:59:08Z">
          <reporter-output>
          </reporter-output>
        </test-method> <!-- tearDown -->
        <test-method status="PASS" signature="onStart()[pri:0, instance:com.Demo.JenkinsJob@14bf9759]" name="onStart" is-config="true" duration-ms="7610" started-at="2019-03-23T11:59:08Z" finished-at="2019-03-23T11:59:16Z">
          <reporter-output>
          </reporter-output>
        </test-method> <!-- onStart -->
        <test-method status="PASS" signature="verify_page_title()[pri:0, instance:com.Demo.JenkinsJob@14bf9759]" name="verify_page_title" duration-ms="9" started-at="2019-03-23T11:59:16Z" finished-at="2019-03-23T11:59:16Z">
          <reporter-output>
            <line>
              <![CDATA[Test PASS]]>
            </line>
          </reporter-output>
        </test-method> <!-- verify_page_title -->
        <test-method status="PASS" signature="tearDown()[pri:0, instance:com.Demo.JenkinsJob@14bf9759]" name="tearDown" is-config="true" duration-ms="716" started-at="2019-03-23T11:59:16Z" finished-at="2019-03-23T11:59:17Z">
          <reporter-output>
          </reporter-output>
        </test-method> <!-- tearDown -->
      </class> <!-- com.Demo.JenkinsJob -->
    </test> <!-- Test -->
  </suite> <!-- Suite -->
</testng-results>
